2020-10-30 17:10:648 INFO  WaitHelper:27 - Waiting for element to visible ....
2020-10-30 17:10:728 INFO  WaitHelper:30 - Element is visible ....
2020-10-30 17:10:579 INFO  WaitHelper:27 - Waiting for element to visible ....
2020-10-30 17:10:618 INFO  WaitHelper:30 - Element is visible ....
2020-10-30 17:10:629 INFO  WaitHelper:27 - Waiting for element to visible ....
2020-10-30 17:10:660 INFO  WaitHelper:30 - Element is visible ....
2020-10-30 17:10:660 INFO  LeadsPage:106 - clicking on create new leads button
2020-10-30 17:10:836 INFO  LeadsPage:110 - selecting first Name type as: Mr.
2020-10-30 17:10:837 INFO  WaitHelper:27 - Waiting for element to visible ....
2020-10-30 17:10:868 INFO  WaitHelper:30 - Element is visible ....
2020-10-30 17:10:01 INFO  LeadsPage:118 - entering first name as : auto_firstName
2020-10-30 17:10:81 INFO  LeadsPage:123 - entering lastName as: auto_lastName
2020-10-30 17:10:148 INFO  LeadsPage:128 - entering company Name as: auto_company
2020-10-30 17:10:222 INFO  LeadsPage:133 - entering title as: auto_company
2020-10-30 17:10:285 INFO  LeadsPage:142 - selecting lead source as: Employee
2020-10-30 17:10:427 INFO  LeadsPage:148 - selecting industry as  : Banking
2020-10-30 17:10:527 INFO  LeadsPage:154 - entering annualrevenue as: 100
2020-10-30 17:10:600 INFO  LeadsPage:159 - entering noofemployees as : 2
2020-10-30 17:10:661 INFO  LeadsPage:164 - entering secondaryEmail as : info.test@gmail.com
2020-10-30 17:10:735 INFO  LeadsPage:169 - entering street as: 7535 Torrey Santa Fe Road
2020-10-30 17:10:826 INFO  LeadsPage:174 - entering postalCode as: 92129
2020-10-30 17:10:904 INFO  LeadsPage:179 - enter country as : US
2020-10-30 17:10:960 INFO  LeadsPage:184 - enter description as: auto_Description
2020-10-30 17:10:23 INFO  LeadsPage:189 - enter phone number as: 9999999999
2020-10-30 17:10:91 INFO  LeadsPage:194 - enter mobile number as: 9999999999
2020-10-30 17:10:157 INFO  LeadsPage:199 - enter fax as: Fax details
2020-10-30 17:10:227 INFO  LeadsPage:204 - enter email: info.test@gmail.com
2020-10-30 17:10:373 INFO  LeadsPage:209 - selecting leadStatus as: Attempted to Contact
2020-10-30 17:10:570 INFO  LeadsPage:224 - clicking on save button
2020-10-30 17:10:535 INFO  LeadsPageSteps:148 - auto_firstName
2020-10-30 17:10:535 INFO  LeadsPageSteps:149 - auto_lastName
2020-10-30 17:10:535 INFO  WaitHelper:27 - Waiting for element to visible ....
2020-10-30 17:10:569 INFO  WaitHelper:30 - Element is visible ....
2020-10-30 17:10:591 INFO  WaitHelper:27 - Waiting for element to visible ....
2020-10-30 17:10:662 INFO  WaitHelper:30 - Element is visible ....
2020-10-30 17:10:690 INFO  WaitHelper:27 - Waiting for element to visible ....
2020-10-30 17:10:754 INFO  WaitHelper:30 - Element is visible ....
2020-10-30 17:10:853 INFO  ServiceHooks:34 - Create Leads is Failed
2020-10-30 17:10:140 INFO  WaitHelper:27 - Waiting for element to visible ....
2020-10-30 17:10:162 INFO  WaitHelper:30 - Element is visible ....
2020-10-30 17:10:38 INFO  WaitHelper:27 - Waiting for element to visible ....
2020-10-30 17:10:63 INFO  WaitHelper:30 - Element is visible ....
2020-10-30 17:10:162 INFO  WaitHelper:27 - Waiting for element to visible ....
2020-10-30 17:10:197 INFO  WaitHelper:30 - Element is visible ....
2020-10-30 17:10:199 INFO  LeadsPage:106 - clicking on create new leads button
2020-10-30 17:10:336 INFO  LeadsPage:110 - selecting first Name type as: Mr.
2020-10-30 17:10:336 INFO  WaitHelper:27 - Waiting for element to visible ....
2020-10-30 17:10:370 INFO  WaitHelper:30 - Element is visible ....
2020-10-30 17:10:512 INFO  LeadsPage:118 - entering first name as : auto_firstName1
2020-10-30 17:10:629 INFO  LeadsPage:123 - entering lastName as: auto_lastName1
2020-10-30 17:10:708 INFO  LeadsPage:128 - entering company Name as: companyName1
2020-10-30 17:10:777 INFO  LeadsPage:133 - entering title as: auto_company
2020-10-30 17:10:854 INFO  LeadsPage:142 - selecting lead source as: Employee
2020-10-30 17:10:967 INFO  LeadsPage:148 - selecting industry as  : Banking
2020-10-30 17:10:117 INFO  LeadsPage:154 - entering annualrevenue as: 1000
2020-10-30 17:10:233 INFO  LeadsPage:159 - entering noofemployees as : 2
2020-10-30 17:10:298 INFO  LeadsPage:164 - entering secondaryEmail as : info.test@gmail.com
2020-10-30 17:10:389 INFO  LeadsPage:169 - entering street as: 7535 Torrey Santa Fe Road
2020-10-30 17:10:466 INFO  LeadsPage:174 - entering postalCode as: 92129
2020-10-30 17:10:541 INFO  LeadsPage:179 - enter country as : US
2020-10-30 17:10:638 INFO  LeadsPage:184 - enter description as: auto_Description
2020-10-30 17:10:730 INFO  LeadsPage:189 - enter phone number as: 9999999999
2020-10-30 17:10:799 INFO  LeadsPage:194 - enter mobile number as: 9999999999
2020-10-30 17:10:869 INFO  LeadsPage:199 - enter fax as: Fax details
2020-10-30 17:10:948 INFO  LeadsPage:204 - enter email: info.test@gmail.com
2020-10-30 17:10:140 INFO  LeadsPage:209 - selecting leadStatus as: Attempted to Contact
2020-10-30 17:10:354 INFO  LeadsPage:224 - clicking on save button
2020-10-30 17:10:512 INFO  LeadsPageSteps:148 - auto_firstName1
2020-10-30 17:10:512 INFO  LeadsPageSteps:149 - auto_lastName1
2020-10-30 17:10:512 INFO  WaitHelper:27 - Waiting for element to visible ....
2020-10-30 17:10:546 INFO  WaitHelper:30 - Element is visible ....
2020-10-30 17:10:568 INFO  WaitHelper:27 - Waiting for element to visible ....
2020-10-30 17:10:587 INFO  WaitHelper:30 - Element is visible ....
2020-10-30 17:10:633 INFO  WaitHelper:27 - Waiting for element to visible ....
2020-10-30 17:10:684 INFO  WaitHelper:30 - Element is visible ....
2020-10-30 17:10:769 INFO  ServiceHooks:34 - Create Leads is Failed
2020-10-30 17:10:68 INFO  WaitHelper:27 - Waiting for element to visible ....
2020-10-30 17:10:91 INFO  WaitHelper:30 - Element is visible ....
2020-10-30 17:10:844 INFO  WaitHelper:27 - Waiting for element to visible ....
2020-10-30 17:10:893 INFO  WaitHelper:30 - Element is visible ....
2020-10-30 17:10:856 INFO  WaitHelper:27 - Waiting for element to visible ....
2020-10-30 17:10:887 INFO  WaitHelper:30 - Element is visible ....
2020-10-30 17:10:887 INFO  LeadsPage:106 - clicking on create new leads button
2020-10-30 17:10:23 INFO  LeadsPage:110 - selecting first Name type as: Mr.
2020-10-30 17:10:24 INFO  WaitHelper:27 - Waiting for element to visible ....
2020-10-30 17:10:57 INFO  WaitHelper:30 - Element is visible ....
2020-10-30 17:10:210 INFO  LeadsPage:118 - entering first name as : auto_firstName2
2020-10-30 17:10:300 INFO  LeadsPage:123 - entering lastName as: auto_lastName2
2020-10-30 17:10:373 INFO  LeadsPage:128 - entering company Name as: companyName2
2020-10-30 17:10:444 INFO  LeadsPage:133 - entering title as: auto_company
2020-10-30 17:10:512 INFO  LeadsPage:142 - selecting lead source as: Employee
2020-10-30 17:10:694 INFO  LeadsPage:148 - selecting industry as  : Banking
2020-10-30 17:10:856 INFO  LeadsPage:154 - entering annualrevenue as: 2000
2020-10-30 17:10:964 INFO  LeadsPage:159 - entering noofemployees as : 2
2020-10-30 17:10:36 INFO  LeadsPage:164 - entering secondaryEmail as : info.test@gmail.com
2020-10-30 17:10:107 INFO  LeadsPage:169 - entering street as: 7535 Torrey Santa Fe Road
2020-10-30 17:10:183 INFO  LeadsPage:174 - entering postalCode as: 92129
2020-10-30 17:10:248 INFO  LeadsPage:179 - enter country as : US
2020-10-30 17:10:315 INFO  LeadsPage:184 - enter description as: auto_Description
2020-10-30 17:10:388 INFO  LeadsPage:189 - enter phone number as: 9999999999
2020-10-30 17:10:460 INFO  LeadsPage:194 - enter mobile number as: 9999999999
2020-10-30 17:10:528 INFO  LeadsPage:199 - enter fax as: Fax details
2020-10-30 17:10:595 INFO  LeadsPage:204 - enter email: info.test@gmail.com
2020-10-30 17:10:756 INFO  LeadsPage:209 - selecting leadStatus as: Attempted to Contact
2020-10-30 17:10:929 INFO  LeadsPage:224 - clicking on save button
2020-10-30 17:10:928 INFO  LeadsPageSteps:148 - auto_firstName2
2020-10-30 17:10:929 INFO  LeadsPageSteps:149 - auto_lastName2
2020-10-30 17:10:929 INFO  WaitHelper:27 - Waiting for element to visible ....
2020-10-30 17:10:961 INFO  WaitHelper:30 - Element is visible ....
2020-10-30 17:10:981 INFO  WaitHelper:27 - Waiting for element to visible ....
2020-10-30 17:10:44 INFO  WaitHelper:30 - Element is visible ....
2020-10-30 17:10:73 INFO  WaitHelper:27 - Waiting for element to visible ....
2020-10-30 17:10:128 INFO  WaitHelper:30 - Element is visible ....
2020-10-30 17:10:207 INFO  ServiceHooks:34 - Create Leads is Failed
2020-10-30 17:10:551 INFO  WaitHelper:27 - Waiting for element to visible ....
2020-10-30 17:10:587 INFO  WaitHelper:30 - Element is visible ....
2020-10-30 17:10:392 INFO  WaitHelper:27 - Waiting for element to visible ....
2020-10-30 17:10:422 INFO  WaitHelper:30 - Element is visible ....
2020-10-30 17:10:474 INFO  WaitHelper:27 - Waiting for element to visible ....
2020-10-30 17:10:503 INFO  WaitHelper:30 - Element is visible ....
2020-10-30 17:10:504 INFO  LeadsPage:106 - clicking on create new leads button
2020-10-30 17:10:694 INFO  LeadsPage:110 - selecting first Name type as: Mr.
2020-10-30 17:10:694 INFO  WaitHelper:27 - Waiting for element to visible ....
2020-10-30 17:10:719 INFO  WaitHelper:30 - Element is visible ....
2020-10-30 17:10:853 INFO  LeadsPage:118 - entering first name as : auto_firstName3
2020-10-30 17:10:945 INFO  LeadsPage:123 - entering lastName as: auto_lastName3
2020-10-30 17:10:18 INFO  LeadsPage:128 - entering company Name as: companyName3
2020-10-30 17:10:89 INFO  LeadsPage:133 - entering title as: auto_company
2020-10-30 17:10:158 INFO  LeadsPage:142 - selecting lead source as: Employee
2020-10-30 17:10:256 INFO  LeadsPage:148 - selecting industry as  : Banking
2020-10-30 17:10:384 INFO  LeadsPage:154 - entering annualrevenue as: 3000
2020-10-30 17:10:441 INFO  LeadsPage:159 - entering noofemployees as : 2
2020-10-30 17:10:517 INFO  LeadsPage:164 - entering secondaryEmail as : info.test@gmail.com
2020-10-30 17:10:589 INFO  LeadsPage:169 - entering street as: 7535 Torrey Santa Fe Road
2020-10-30 17:10:659 INFO  LeadsPage:174 - entering postalCode as: 92129
2020-10-30 17:10:723 INFO  LeadsPage:179 - enter country as : US
2020-10-30 17:10:792 INFO  LeadsPage:184 - enter description as: auto_Description
2020-10-30 17:10:861 INFO  LeadsPage:189 - enter phone number as: 9999999999
2020-10-30 17:10:927 INFO  LeadsPage:194 - enter mobile number as: 9999999999
2020-10-30 17:10:991 INFO  LeadsPage:199 - enter fax as: Fax details
2020-10-30 17:10:57 INFO  LeadsPage:204 - enter email: info.test@gmail.com
2020-10-30 17:10:192 INFO  LeadsPage:209 - selecting leadStatus as: Attempted to Contact
2020-10-30 17:10:310 INFO  LeadsPage:224 - clicking on save button
2020-10-30 17:10:57 INFO  LeadsPageSteps:148 - auto_firstName3
2020-10-30 17:10:57 INFO  LeadsPageSteps:149 - auto_lastName3
2020-10-30 17:10:58 INFO  WaitHelper:27 - Waiting for element to visible ....
2020-10-30 17:10:93 INFO  WaitHelper:30 - Element is visible ....
2020-10-30 17:10:113 INFO  WaitHelper:27 - Waiting for element to visible ....
2020-10-30 17:10:126 INFO  WaitHelper:30 - Element is visible ....
2020-10-30 17:10:157 INFO  WaitHelper:27 - Waiting for element to visible ....
2020-10-30 17:10:210 INFO  WaitHelper:30 - Element is visible ....
2020-10-30 17:10:288 INFO  ServiceHooks:34 - Create Leads is Failed
2020-10-30 17:10:539 INFO  WaitHelper:27 - Waiting for element to visible ....
2020-10-30 17:10:566 INFO  WaitHelper:30 - Element is visible ....
2020-10-30 17:10:342 INFO  WaitHelper:27 - Waiting for element to visible ....
2020-10-30 17:10:380 INFO  WaitHelper:30 - Element is visible ....
2020-10-30 17:10:230 INFO  WaitHelper:27 - Waiting for element to visible ....
2020-10-30 17:10:263 INFO  WaitHelper:30 - Element is visible ....
2020-10-30 17:10:263 INFO  LeadsPage:106 - clicking on create new leads button
2020-10-30 17:10:415 INFO  LeadsPage:110 - selecting first Name type as: Mr.
2020-10-30 17:10:416 INFO  WaitHelper:27 - Waiting for element to visible ....
2020-10-30 17:10:447 INFO  WaitHelper:30 - Element is visible ....
2020-10-30 17:10:542 INFO  LeadsPage:118 - entering first name as : auto_firstName3
2020-10-30 17:10:618 INFO  LeadsPage:123 - entering lastName as: auto_lastName3
2020-10-30 17:10:697 INFO  LeadsPage:128 - entering company Name as: companyName3
2020-10-30 17:10:768 INFO  LeadsPage:133 - entering title as: auto_company
2020-10-30 17:10:875 INFO  LeadsPage:142 - selecting lead source as: Employee
2020-10-30 17:10:14 INFO  LeadsPage:148 - selecting industry as  : Banking
2020-10-30 17:10:126 INFO  LeadsPage:154 - entering annualrevenue as: 3000
2020-10-30 17:10:195 INFO  LeadsPage:159 - entering noofemployees as : 2
2020-10-30 17:10:258 INFO  LeadsPage:164 - entering secondaryEmail as : info.test@gmail.com
2020-10-30 17:10:340 INFO  LeadsPage:169 - entering street as: 7535 Torrey Santa Fe Road
2020-10-30 17:10:420 INFO  LeadsPage:174 - entering postalCode as: 92129
2020-10-30 17:10:486 INFO  LeadsPage:179 - enter country as : US
2020-10-30 17:10:546 INFO  LeadsPage:184 - enter description as: auto_Description
2020-10-30 17:10:609 INFO  LeadsPage:189 - enter phone number as: 9999999999
2020-10-30 17:10:671 INFO  LeadsPage:194 - enter mobile number as: 9999999999
2020-10-30 17:10:740 INFO  LeadsPage:199 - enter fax as: Fax details
2020-10-30 17:10:812 INFO  LeadsPage:204 - enter email: info.test@gmail.com
2020-10-30 17:10:956 INFO  LeadsPage:209 - selecting leadStatus as: Attempted to Contact
2020-10-30 17:10:120 INFO  LeadsPage:224 - clicking on save button
2020-10-30 17:10:950 INFO  LeadsPageSteps:148 - auto_firstName3
2020-10-30 17:10:950 INFO  LeadsPageSteps:149 - auto_lastName3
2020-10-30 17:10:951 INFO  WaitHelper:27 - Waiting for element to visible ....
2020-10-30 17:10:982 INFO  WaitHelper:30 - Element is visible ....
2020-10-30 17:10:05 INFO  WaitHelper:27 - Waiting for element to visible ....
2020-10-30 17:10:30 INFO  WaitHelper:30 - Element is visible ....
2020-10-30 17:10:58 INFO  WaitHelper:27 - Waiting for element to visible ....
2020-10-30 17:10:88 INFO  WaitHelper:30 - Element is visible ....
2020-10-30 17:10:168 INFO  ServiceHooks:34 - Create Leads is Failed
2020-10-30 17:10:425 INFO  WaitHelper:27 - Waiting for element to visible ....
2020-10-30 17:10:459 INFO  WaitHelper:30 - Element is visible ....
2020-10-30 17:10:102 INFO  WaitHelper:27 - Waiting for element to visible ....
2020-10-30 17:10:129 INFO  WaitHelper:30 - Element is visible ....
2020-10-30 17:10:204 INFO  WaitHelper:27 - Waiting for element to visible ....
2020-10-30 17:10:234 INFO  WaitHelper:30 - Element is visible ....
2020-10-30 17:10:234 INFO  LeadsPage:106 - clicking on create new leads button
2020-10-30 17:10:437 INFO  LeadsPage:110 - selecting first Name type as: Mr.
2020-10-30 17:10:437 INFO  WaitHelper:27 - Waiting for element to visible ....
2020-10-30 17:10:466 INFO  WaitHelper:30 - Element is visible ....
2020-10-30 17:10:577 INFO  LeadsPage:118 - entering first name as : auto_firstName3
2020-10-30 17:10:699 INFO  LeadsPage:123 - entering lastName as: auto_lastName3
2020-10-30 17:10:777 INFO  LeadsPage:128 - entering company Name as: companyName3
2020-10-30 17:10:851 INFO  LeadsPage:133 - entering title as: auto_company
2020-10-30 17:10:920 INFO  LeadsPage:142 - selecting lead source as: Employee
2020-10-30 17:10:45 INFO  LeadsPage:148 - selecting industry as  : Banking
2020-10-30 17:10:132 INFO  LeadsPage:154 - entering annualrevenue as: 200
2020-10-30 17:10:225 INFO  LeadsPage:159 - entering noofemployees as : 2
2020-10-30 17:10:305 INFO  LeadsPage:164 - entering secondaryEmail as : info.test@gmail.com
2020-10-30 17:10:409 INFO  LeadsPage:169 - entering street as: 7535 Torrey Santa Fe Road
2020-10-30 17:10:486 INFO  LeadsPage:174 - entering postalCode as: 92129
2020-10-30 17:10:546 INFO  LeadsPage:179 - enter country as : US
2020-10-30 17:10:618 INFO  LeadsPage:184 - enter description as: auto_Description
2020-10-30 17:10:708 INFO  LeadsPage:189 - enter phone number as: 9999999999
2020-10-30 17:10:774 INFO  LeadsPage:194 - enter mobile number as: 9999999999
2020-10-30 17:10:854 INFO  LeadsPage:199 - enter fax as: Fax details
2020-10-30 17:10:918 INFO  LeadsPage:204 - enter email: info.test@gmail.com
2020-10-30 17:10:71 INFO  LeadsPage:209 - selecting leadStatus as: Attempted to Contact
2020-10-30 17:10:265 INFO  LeadsPage:224 - clicking on save button
2020-10-30 17:10:186 INFO  LeadsPageSteps:148 - auto_firstName3
2020-10-30 17:10:187 INFO  LeadsPageSteps:149 - auto_lastName3
2020-10-30 17:10:187 INFO  WaitHelper:27 - Waiting for element to visible ....
2020-10-30 17:10:215 INFO  WaitHelper:30 - Element is visible ....
2020-10-30 17:10:235 INFO  WaitHelper:27 - Waiting for element to visible ....
2020-10-30 17:10:259 INFO  WaitHelper:30 - Element is visible ....
2020-10-30 17:10:275 INFO  WaitHelper:27 - Waiting for element to visible ....
2020-10-30 17:10:301 INFO  WaitHelper:30 - Element is visible ....
2020-10-30 17:10:379 INFO  ServiceHooks:34 - Create Leads is Failed
2020-10-30 17:10:687 INFO  WaitHelper:27 - Waiting for element to visible ....
2020-10-30 17:10:706 INFO  WaitHelper:30 - Element is visible ....
2020-10-30 17:10:472 INFO  WaitHelper:27 - Waiting for element to visible ....
2020-10-30 17:10:506 INFO  WaitHelper:30 - Element is visible ....
2020-10-30 17:10:544 INFO  WaitHelper:27 - Waiting for element to visible ....
2020-10-30 17:10:567 INFO  WaitHelper:30 - Element is visible ....
2020-10-30 17:10:588 INFO  ServiceHooks:43 - Sign In with valid credential is pass
2020-10-30 17:10:864 INFO  WaitHelper:27 - Waiting for element to visible ....
2020-10-30 17:10:893 INFO  WaitHelper:30 - Element is visible ....
2020-10-30 17:10:640 INFO  WaitHelper:27 - Waiting for element to visible ....
2020-10-30 17:10:671 INFO  WaitHelper:30 - Element is visible ....
2020-10-30 17:10:697 INFO  WaitHelper:27 - Waiting for element to visible ....
2020-10-30 17:10:727 INFO  WaitHelper:30 - Element is visible ....
2020-10-30 17:10:751 INFO  ServiceHooks:43 - Sign In with valid credentials is pass
2020-10-30 17:10:898 INFO  WaitHelper:27 - Waiting for element to visible ....
2020-10-30 17:10:917 INFO  WaitHelper:30 - Element is visible ....
2020-10-30 17:10:715 INFO  WaitHelper:27 - Waiting for element to visible ....
2020-10-30 17:10:758 INFO  WaitHelper:30 - Element is visible ....
2020-10-30 17:10:782 INFO  WaitHelper:27 - Waiting for element to visible ....
2020-10-30 17:10:801 INFO  WaitHelper:30 - Element is visible ....
2020-10-30 17:10:824 INFO  ServiceHooks:43 - Sign In with valid credentials is pass
2020-10-30 17:10:54 INFO  WaitHelper:27 - Waiting for element to visible ....
2020-10-30 17:10:74 INFO  WaitHelper:30 - Element is visible ....
2020-10-30 17:10:820 INFO  WaitHelper:27 - Waiting for element to visible ....
2020-10-30 17:10:842 INFO  WaitHelper:30 - Element is visible ....
2020-10-30 17:10:881 INFO  WaitHelper:27 - Waiting for element to visible ....
2020-10-30 17:10:903 INFO  WaitHelper:30 - Element is visible ....
2020-10-30 17:10:925 INFO  ServiceHooks:43 - Sign In with valid credentials is pass
